<?xml version="1.0" encoding="UTF-8"?>
<!-- Generated by org.testng.reporters.JUnitReportReporter -->
<testsuite hostname="LAPTOP-N7HJO66S" failures="0" tests="3" name="testclasses.TestNG_DataProvider" time="0.007" errors="0" timestamp="2022-02-12T13:25:19 IST" skipped="0">
  <testcase classname="testclasses.TestNG_DataProvider" name="testMethod" time="0.000"/>
  <system-out/>
  <testcase classname="testclasses.TestNG_DataProvider" name="testMethod" time="0.005"/>
  <system-out/>
  <testcase classname="testclasses.TestNG_DataProvider" name="testMethod" time="0.002"/>
  <system-out/>
</testsuite> <!-- testclasses.TestNG_DataProvider -->
