<?xml version="1.0" encoding="UTF-8"?>
<!-- Generated by org.testng.reporters.JUnitReportReporter -->
<testsuite hostname="LAPTOP-N7HJO66S" failures="0" tests="2" name="testclasses.TestNG_Parallel2" time="12.023" errors="0" timestamp="2022-02-12T00:10:06 IST" skipped="0">
  <testcase classname="testclasses.TestNG_Parallel2" name="testMethod2" time="6.010"/>
  <system-out/>
  <testcase classname="testclasses.TestNG_Parallel2" name="testMethod1" time="6.013"/>
  <system-out/>
</testsuite> <!-- testclasses.TestNG_Parallel2 -->
