<?xml version="1.0" encoding="UTF-8"?>
<!-- Generated by org.testng.reporters.JUnitReportReporter -->
<testsuite hostname="LAPTOP-N7HJO66S" failures="0" tests="1" name="testclasses.TestNG_Parameters" time="0.004" errors="0" timestamp="2022-05-14T21:30:46 IST" skipped="0">
  <testcase classname="testclasses.TestNG_Parameters" name="testMethod1" time="0.004"/>
  <system-out/>
</testsuite> <!-- testclasses.TestNG_Parameters -->
