<?xml version="1.0" encoding="UTF-8"?>
<!-- Generated by org.testng.reporters.JUnitReportReporter -->
<testsuite hostname="LAPTOP-N7HJO66S" failures="0" tests="2" name="testclasses.TestNG_CustomLisener1" time="0.007" errors="0" timestamp="2022-02-12T17:19:13 IST" skipped="0">
  <testcase classname="testclasses.TestNG_CustomLisener1" name="testMethod1" time="0.006"/>
  <system-out/>
  <testcase classname="testclasses.TestNG_CustomLisener1" name="testMethod2" time="0.001"/>
  <system-out/>
</testsuite> <!-- testclasses.TestNG_CustomLisener1 -->
