<?xml version="1.0" encoding="UTF-8"?>
<!-- Generated by org.testng.reporters.JUnitReportReporter -->
<testsuite hostname="LAPTOP-N7HJO66S" failures="0" tests="2" name="testclasses.TestNG_Parallel1" time="12.027" errors="0" timestamp="2022-05-18T09:43:05 IST" skipped="0">
  <testcase classname="testclasses.TestNG_Parallel1" name="testMethod1" time="6.018"/>
  <system-out/>
  <testcase classname="testclasses.TestNG_Parallel1" name="testMethod2" time="6.009"/>
  <system-out/>
</testsuite> <!-- testclasses.TestNG_Parallel1 -->
